<?xml version="1.0" encoding="UTF-8"?>
<!-- Generated by org.testng.reporters.JUnitReportReporter -->
<testsuite skipped="0" hostname="IT364925" name="com.applitool.practice.GoogleEx" tests="1" failures="0" timestamp="19 Sep 2018 21:17:22 GMT" time="12.975" errors="0">
  <testcase name="autoSugestuveDropDown" time="12.975" classname="com.applitool.practice.GoogleEx"/>
</testsuite> <!-- com.applitool.practice.GoogleEx -->
