<?xml version="1.0" encoding="UTF-8"?>
<!-- Generated by org.testng.reporters.JUnitReportReporter -->
<testsuite skipped="0" hostname="IT364925" name="com.applitool.practice.AppliLoginTC1" tests="1" failures="0" timestamp="11 Sep 2018 03:34:06 GMT" time="22.519" errors="0">
  <testcase name="openURL" time="22.519" classname="com.applitool.practice.AppliLoginTC1"/>
</testsuite> <!-- com.applitool.practice.AppliLoginTC1 -->
