<?xml version="1.0" encoding="UTF-8"?>
<!-- Generated by org.testng.reporters.JUnitReportReporter -->
<testsuite skipped="0" hostname="IT364925" name="com.applitool.practice.Prompt" tests="1" failures="0" timestamp="19 Sep 2018 06:08:50 GMT" time="16.512" errors="0">
  <testcase name="handlePrompt" time="16.512" classname="com.applitool.practice.Prompt"/>
</testsuite> <!-- com.applitool.practice.Prompt -->
