<?xml version="1.0" encoding="UTF-8"?>
<!-- Generated by org.testng.reporters.JUnitReportReporter -->
<testsuite skipped="0" hostname="IT364925" name="com.applitool.practice.SDJClass" tests="1" failures="0" timestamp="22 Sep 2018 02:36:38 GMT" time="52.126" errors="0">
  <testcase name="Find_number_of_Broken_links" time="52.126" classname="com.applitool.practice.SDJClass"/>
</testsuite> <!-- com.applitool.practice.SDJClass -->
