<?xml version="1.0" encoding="UTF-8"?>
<!-- Generated by org.testng.reporters.JUnitReportReporter -->
<testsuite skipped="0" hostname="IT364925" name="com.applitool.practice.FramesEx" tests="1" failures="0" timestamp="18 Sep 2018 23:35:24 GMT" time="62.432" errors="0">
  <testcase name="testFrames" time="62.432" classname="com.applitool.practice.FramesEx"/>
</testsuite> <!-- com.applitool.practice.FramesEx -->
