<?xml version="1.0" encoding="UTF-8"?>
<!-- Generated by org.testng.reporters.JUnitReportReporter -->
<testsuite skipped="0" hostname="IT364925" name="com.applitool.practice.BootStrapDD" tests="1" failures="0" timestamp="20 Sep 2018 00:29:19 GMT" time="9.795" errors="0">
  <testcase name="testBootStrap" time="9.795" classname="com.applitool.practice.BootStrapDD"/>
</testsuite> <!-- com.applitool.practice.BootStrapDD -->
