<?xml version="1.0" encoding="UTF-8"?>
<!-- Generated by org.testng.reporters.JUnitReportReporter -->
<testsuite skipped="0" hostname="IT364925" name="ExcelTestPackage.ExcelTestTwo" tests="1" failures="0" timestamp="04 Sep 2018 02:36:24 GMT" time="0.536" errors="0">
  <testcase name="testMethodTwo" time="0.536" classname="ExcelTestPackage.ExcelTestTwo"/>
</testsuite> <!-- ExcelTestPackage.ExcelTestTwo -->
