<?xml version="1.0" encoding="UTF-8"?>
<!-- Generated by org.testng.reporters.JUnitReportReporter -->
<testsuite skipped="0" hostname="IT364925" name="ExcelTestPackage.ExcelTestClass" tests="1" failures="0" timestamp="03 Sep 2018 22:56:00 GMT" time="0.007" errors="0">
  <testcase name="testMethod" time="0.007" classname="ExcelTestPackage.ExcelTestClass"/>
</testsuite> <!-- ExcelTestPackage.ExcelTestClass -->
