<?xml version="1.0" encoding="UTF-8"?>
<!-- Generated by org.testng.reporters.JUnitReportReporter -->
<testsuite skipped="0" hostname="IT364925" name="com.RestAssured.app.RestAssuredCreateIssueTC1" tests="1" failures="0" timestamp="13 Sep 2018 10:08:34 GMT" time="2.472" errors="0">
  <testcase name="createIssue" time="2.472" classname="com.RestAssured.app.RestAssuredCreateIssueTC1"/>
</testsuite> <!-- com.RestAssured.app.RestAssuredCreateIssueTC1 -->
