<?xml version="1.0" encoding="UTF-8"?>
<!-- Generated by org.testng.reporters.JUnitReportReporter -->
<testsuite skipped="0" hostname="IT364925" name="com.RestAssured.app.RestAssuredCommentsTC2" tests="2" failures="0" timestamp="13 Sep 2018 10:08:34 GMT" time="0.332" errors="0">
  <testcase name="addComments" time="0.177" classname="com.RestAssured.app.RestAssuredCommentsTC2"/>
  <testcase name="updateComments" time="0.155" classname="com.RestAssured.app.RestAssuredCommentsTC2"/>
</testsuite> <!-- com.RestAssured.app.RestAssuredCommentsTC2 -->
