<?xml version="1.0" encoding="UTF-8"?>
<!-- Generated by org.testng.reporters.JUnitReportReporter -->
<testsuite skipped="0" hostname="IT364925" name="com.RestAssured.app.RestAssuredCreateIssueTC1" tests="1" failures="0" timestamp="04 Oct 2018 22:10:30 GMT" time="3.872" errors="0">
  <testcase name="createIssue" time="3.872" classname="com.RestAssured.app.RestAssuredCreateIssueTC1"/>
</testsuite> <!-- com.RestAssured.app.RestAssuredCreateIssueTC1 -->
