<?xml version="1.0" encoding="UTF-8"?>
<!-- Generated by org.testng.reporters.JUnitReportReporter -->
<testsuite skipped="0" hostname="IT364925" name="com.RestAssured.app.RestAssuredCommentsTC2" tests="2" failures="0" timestamp="04 Oct 2018 03:31:08 GMT" time="2.896" errors="0">
  <testcase name="updateComments" time="0.109" classname="com.RestAssured.app.RestAssuredCommentsTC2"/>
  <testcase name="addComments" time="2.787" classname="com.RestAssured.app.RestAssuredCommentsTC2"/>
</testsuite> <!-- com.RestAssured.app.RestAssuredCommentsTC2 -->
