<?xml version="1.0" encoding="UTF-8"?>
<!-- Generated by org.testng.reporters.JUnitReportReporter -->
<testsuite skipped="0" hostname="IT364925" name="com.RestAssured.app.AppTest" tests="1" failures="0" timestamp="13 Sep 2018 10:08:34 GMT" time="0.005" errors="0">
  <testcase name="testApp" time="0.005" classname="com.RestAssured.app.AppTest"/>
</testsuite> <!-- com.RestAssured.app.AppTest -->
