<?xml version="1.0" encoding="UTF-8"?>
<!-- Generated by org.testng.reporters.JUnitReportReporter -->
<testsuite skipped="0" hostname="IT364925" name="resources.BaseClassJira" tests="1" failures="0" timestamp="13 Sep 2018 01:41:49 GMT" time="2.034" errors="0">
  <testcase name="jiraSessionKey" time="2.034" classname="resources.BaseClassJira"/>
</testsuite> <!-- resources.BaseClassJira -->
