<?xml version="1.0" encoding="UTF-8"?>
<!-- Generated by org.testng.reporters.JUnitReportReporter -->
<testsuite skipped="0" hostname="IT364925" name="com.RestAssured.app.RestAssuredTC1" tests="1" failures="0" timestamp="12 Sep 2018 04:33:44 GMT" time="3.675" errors="0">
  <testcase name="restAssuredTest" time="3.675" classname="com.RestAssured.app.RestAssuredTC1"/>
</testsuite> <!-- com.RestAssured.app.RestAssuredTC1 -->
