<?xml version="1.0" encoding="UTF-8"?>
<!-- Generated by org.testng.reporters.JUnitReportReporter -->
<testsuite skipped="0" hostname="IT364925" name="ExcelTestPackage.TestExcelPOI" tests="1" failures="0" timestamp="22 Sep 2018 08:53:12 GMT" time="0.514" errors="0">
  <testcase name="DataTest" time="0.514" classname="ExcelTestPackage.TestExcelPOI"/>
</testsuite> <!-- ExcelTestPackage.TestExcelPOI -->
