<?xml version="1.0" encoding="UTF-8"?>
<!-- Generated by org.testng.reporters.JUnitReportReporter -->
<testsuite skipped="0" hostname="IT364925" name="com.utility.DriveDataExcel" tests="1" failures="0" timestamp="23 Sep 2018 05:01:11 GMT" time="0.546" errors="0">
  <testcase name="getData" time="0.546" classname="com.utility.DriveDataExcel"/>
</testsuite> <!-- com.utility.DriveDataExcel -->
