<?xml version="1.0" encoding="UTF-8"?>
<!-- Generated by org.testng.reporters.JUnitReportReporter -->
<testsuite skipped="0" hostname="IT364925" name="ExcelTestPackage.TestDataDrivenNew" tests="1" failures="0" timestamp="22 Sep 2018 08:07:23 GMT" time="0.544" errors="0">
  <testcase name="tableTestnew" time="0.544" classname="ExcelTestPackage.TestDataDrivenNew"/>
</testsuite> <!-- ExcelTestPackage.TestDataDrivenNew -->
