<?xml version="1.0" encoding="UTF-8"?>
<!-- Generated by org.testng.reporters.JUnitReportReporter -->
<testsuite skipped="0" hostname="IT364925" name="com.dataprovider.DataProviderEx" tests="5" failures="0" timestamp="25 Sep 2018 04:44:08 GMT" time="22.120" errors="0">
  <testcase name="loginVerification" time="5.188" classname="com.dataprovider.DataProviderEx"/>
  <testcase name="loginVerification" time="4.207" classname="com.dataprovider.DataProviderEx"/>
  <testcase name="loginVerification" time="4.267" classname="com.dataprovider.DataProviderEx"/>
  <testcase name="loginVerification" time="4.190" classname="com.dataprovider.DataProviderEx"/>
  <testcase name="loginVerification" time="4.268" classname="com.dataprovider.DataProviderEx"/>
</testsuite> <!-- com.dataprovider.DataProviderEx -->
