<?xml version="1.0" encoding="UTF-8"?>
<!-- Generated by org.testng.reporters.JUnitReportReporter -->
<testsuite skipped="0" hostname="IT364925" name="ExcelTestPackage.ExcelTestClass" tests="1" failures="0" timestamp="04 Sep 2018 00:19:51 GMT" time="0.483" errors="0">
  <testcase name="TestMethod" time="0.483" classname="ExcelTestPackage.ExcelTestClass"/>
</testsuite> <!-- ExcelTestPackage.ExcelTestClass -->
